app/build/outputs/logs/manifest-merger-release-report.txt
-- Merging decision tree log ---
manifest
ADDED from src\main\AndroidManifest.xml:2:1-39:12
	package
		ADDED from src\main\AndroidManifest.xml:3:5-31
		INJECTED from src\main\AndroidManifest.xml
		INJECTED from src\main\AndroidManifest.xml
	android:versionName
		ADDED from src\main\AndroidManifest.xml:6:5-32
		INJECTED from src\main\AndroidManifest.xml
		INJECTED from src\main\AndroidManifest.xml
	android:versionCode
		ADDED from src\main\AndroidManifest.xml:5:5-30
		INJECTED from src\main\AndroidManifest.xml
		INJECTED from src\main\AndroidManifest.xml
	xmlns:android
		ADDED from src\main\AndroidManifest.xml:2:11-69
	android:installLocation
		ADDED from src\main\AndroidManifest.xml:4:5-45
uses-permission#android.permission.VIBRATE
ADDED from src\main\AndroidManifest.xml:9:5-66
	android:name
		ADDED from src\main\AndroidManifest.xml:9:22-63
application
ADDED from src\main\AndroidManifest.xml:20:5-37:19
MERGED from [com.android.support:design:23.1.0] AndroidManifest.xml:22:5-20
MERGED from [com.android.support:appcompat-v7:23.1.0] AndroidManifest.xml:22:5-20
MERGED from [com.android.support:support-v4:23.1.0] AndroidManifest.xml:22:5-20
MERGED from [com.android.support:gridlayout-v7:23.1.0] AndroidManifest.xml:22:5-20
	android:label
		ADDED from src\main\AndroidManifest.xml:23:9-35
		INJECTED from src\main\AndroidManifest.xml
	android:supportsRtl
		ADDED from src\main\AndroidManifest.xml:25:9-35
	android:allowBackup
		ADDED from src\main\AndroidManifest.xml:21:9-35
	android:icon
		ADDED from src\main\AndroidManifest.xml:22:9-36
	android:largeHeap
		ADDED from src\main\AndroidManifest.xml:24:9-33
	android:theme
		ADDED from src\main\AndroidManifest.xml:26:9-65
activity#com.nejc.mamiapp.activities.MainActivity
ADDED from src\main\AndroidManifest.xml:27:9-32:20
	android:name
		ADDED from src\main\AndroidManifest.xml:27:19-58
intent-filter#android.intent.action.MAIN+android.intent.category.LAUNCHER
ADDED from src\main\AndroidManifest.xml:28:9-31:25
action#android.intent.action.MAIN
ADDED from src\main\AndroidManifest.xml:29:13-65
	android:name
		ADDED from src\main\AndroidManifest.xml:29:21-62
category#android.intent.category.LAUNCHER
ADDED from src\main\AndroidManifest.xml:30:13-73
	android:name
		ADDED from src\main\AndroidManifest.xml:30:23-70
activity#com.nejc.mamiapp.activities.InputActivity
ADDED from src\main\AndroidManifest.xml:33:9-34:56
	android:name
		ADDED from src\main\AndroidManifest.xml:34:13-53
activity#com.nejc.mamiapp.activities.StatisticsActivity
ADDED from src\main\AndroidManifest.xml:35:9-36:61
	android:name
		ADDED from src\main\AndroidManifest.xml:36:13-58
uses-sdk
INJECTED from src\main\AndroidManifest.xml reason: use-sdk injection requested
MERGED from [com.android.support:design:23.1.0] AndroidManifest.xml:20:5-43
MERGED from [com.android.support:appcompat-v7:23.1.0] AndroidManifest.xml:20:5-43
MERGED from [com.android.support:support-v4:23.1.0] AndroidManifest.xml:20:5-43
MERGED from [com.android.support:recyclerview-v7:23.1.0] AndroidManifest.xml:20:5-43
MERGED from [com.android.support:gridlayout-v7:23.1.0] AndroidManifest.xml:20:5-43
	android:targetSdkVersion
		INJECTED from src\main\AndroidManifest.xml
		INJECTED from src\main\AndroidManifest.xml
	android:minSdkVersion
		INJECTED from src\main\AndroidManifest.xml
		INJECTED from src\main\AndroidManifest.xml